1916: 21:18:28.629 - ---
1916: 21:18:28.629 - Service: "Photon Socket Server" starting
1916: 21:18:28.629 - Config File: C:\Users\Torben\dev\SEE\Photon Server\Photon-OnPremise-Server-SDK_v4-0-29-11263\deploy\bin_Win64\PhotonServer.config
1916: 21:18:28.634 - Will produce at most: 10 crash dumps
1916: 21:18:28.634 - Action: run as exe
1916: 21:18:28.634 - 
1916: 21:18:28.634 - ERROR: ***************************************************************
1916: 21:18:28.634 - ERROR: Only one copy of "LoadBalancing" can run at a time
1916: 21:18:28.634 - ERROR: ***************************************************************
1916: 21:18:28.634 - 
1916: 21:18:28.634 - MessageBox: Photon Socket Server: LoadBalancing - 4.0.28.2962

Only one copy of "LoadBalancing" can run at a time
1916: 21:18:31.477 - Service shutting down: instance already running. Errorcode: 100
1916: 21:18:31.478 - Service shut down complete
12300: 21:19:16.727 - ---
12300: 21:19:16.727 - Service: "Photon Socket Server" starting
12300: 21:19:16.728 - Config File: C:\Users\Torben\dev\SEE\Photon Server\Photon-OnPremise-Server-SDK_v4-0-29-11263\deploy\bin_Win64\PhotonServer.config
12300: 21:19:16.732 - Will produce at most: 10 crash dumps
12300: 21:19:16.732 - Action: run as exe
12300: 21:19:16.732 - 
12300: 21:19:16.732 - ERROR: ***************************************************************
12300: 21:19:16.732 - ERROR: Only one copy of "LoadBalancing" can run at a time
12300: 21:19:16.732 - ERROR: ***************************************************************
12300: 21:19:16.732 - 
12300: 21:19:16.732 - MessageBox: Photon Socket Server: LoadBalancing - 4.0.28.2962

Only one copy of "LoadBalancing" can run at a time
12300: 21:19:18.726 - Service shutting down: instance already running. Errorcode: 100
12300: 21:19:18.728 - Service shut down complete
12192: 21:19:23.907 - ---
12192: 21:19:23.907 - Service: "Photon Socket Server" starting
12192: 21:19:23.907 - Config File: C:\Users\Torben\dev\SEE\Photon Server\Photon-OnPremise-Server-SDK_v4-0-29-11263\deploy\bin_Win64\PhotonServer.config
12192: 21:19:23.910 - Will produce at most: 10 crash dumps
12192: 21:19:23.910 - Action: run as exe
12192: 21:19:23.911 - 
12192: 21:19:23.911 - ERROR: ***************************************************************
12192: 21:19:23.911 - ERROR: Only one copy of "LoadBalancing" can run at a time
12192: 21:19:23.911 - ERROR: ***************************************************************
12192: 21:19:23.911 - 
12192: 21:19:23.911 - MessageBox: Photon Socket Server: LoadBalancing - 4.0.28.2962

Only one copy of "LoadBalancing" can run at a time
12192: 21:19:25.007 - Service shutting down: instance already running. Errorcode: 100
12192: 21:19:25.008 - Service shut down complete
5940: 21:20:35.725 - ---
5940: 21:20:35.725 - Service: "Photon Socket Server" starting
5940: 21:20:35.725 - Config File: C:\Users\Torben\dev\SEE\Photon Server\Photon-OnPremise-Server-SDK_v4-0-29-11263\deploy\bin_Win64\PhotonServer.config
5940: 21:20:35.727 - Will produce at most: 10 crash dumps
5940: 21:20:35.727 - Action: run as exe
5940: 21:20:35.727 - 
5940: 21:20:35.727 - ERROR: ***************************************************************
5940: 21:20:35.727 - ERROR: Only one copy of "LoadBalancing" can run at a time
5940: 21:20:35.727 - ERROR: ***************************************************************
5940: 21:20:35.727 - 
5940: 21:20:35.727 - MessageBox: Photon Socket Server: LoadBalancing - 4.0.28.2962

Only one copy of "LoadBalancing" can run at a time
5940: 21:20:37.808 - Service shutting down: instance already running. Errorcode: 100
5940: 21:20:37.809 - Service shut down complete
10312: 21:20:50.454 - ---
10312: 21:20:50.454 - Service: "Photon Socket Server" starting
10312: 21:20:50.454 - Config File: C:\Users\Torben\dev\SEE\Photon Server\Photon-OnPremise-Server-SDK_v4-0-29-11263\deploy\bin_Win64\PhotonServer.config
10312: 21:20:50.455 - Will produce at most: 10 crash dumps
10312: 21:20:50.455 - Action: run as exe
10312: 21:20:50.455 - 
10312: 21:20:50.455 - ERROR: ***************************************************************
10312: 21:20:50.455 - ERROR: Only one copy of "LoadBalancing" can run at a time
10312: 21:20:50.455 - ERROR: ***************************************************************
10312: 21:20:50.455 - 
10312: 21:20:50.455 - MessageBox: Photon Socket Server: LoadBalancing - 4.0.28.2962

Only one copy of "LoadBalancing" can run at a time
10312: 21:20:51.447 - Service shutting down: instance already running. Errorcode: 100
10312: 21:20:51.448 - Service shut down complete
1704: 21:25:11.613 - ---
1704: 21:25:11.613 - Service: "Photon Socket Server" starting
1704: 21:25:11.614 - Config File: C:\Users\Torben\dev\SEE\Photon Server\Photon-OnPremise-Server-SDK_v4-0-29-11263\deploy\bin_Win64\PhotonServer.config
1704: 21:25:11.617 - Will produce at most: 10 crash dumps
1704: 21:25:11.617 - Action: run as exe
1704: 21:25:11.617 - 
1704: 21:25:11.617 - ERROR: ***************************************************************
1704: 21:25:11.617 - ERROR: Only one copy of "LoadBalancing" can run at a time
1704: 21:25:11.617 - ERROR: ***************************************************************
1704: 21:25:11.617 - 
1704: 21:25:11.617 - MessageBox: Photon Socket Server: LoadBalancing - 4.0.28.2962

Only one copy of "LoadBalancing" can run at a time
1704: 21:25:13.623 - Service shutting down: instance already running. Errorcode: 100
1704: 21:25:13.625 - Service shut down complete
6100: 21:41:05.948 - ---
6100: 21:41:05.948 - Service: "Photon Socket Server" starting
6100: 21:41:05.948 - Config File: C:\Users\Torben\dev\SEE\Photon Server\Photon-OnPremise-Server-SDK_v4-0-29-11263\deploy\bin_Win64\PhotonServer.config
6100: 21:41:05.952 - Will produce at most: 10 crash dumps
6100: 21:41:05.952 - Action: run as exe
6100: 21:41:05.952 - 
6100: 21:41:05.953 - ERROR: ***************************************************************
6100: 21:41:05.953 - ERROR: Only one copy of "LoadBalancing" can run at a time
6100: 21:41:05.953 - ERROR: ***************************************************************
6100: 21:41:05.953 - 
6100: 21:41:05.953 - MessageBox: Photon Socket Server: LoadBalancing - 4.0.28.2962

Only one copy of "LoadBalancing" can run at a time
6100: 21:41:07.698 - Service shutting down: instance already running. Errorcode: 100
6100: 21:41:07.699 - Service shut down complete
6560: 21:45:37.579 - ---
6560: 21:45:37.579 - Service: "Photon Socket Server" starting
6560: 21:45:37.579 - Config File: C:\Users\Torben\dev\SEE\Photon Server\Photon-OnPremise-Server-SDK_v4-0-29-11263\deploy\bin_Win64\PhotonServer.config
6560: 21:45:37.581 - Will produce at most: 10 crash dumps
6560: 21:45:37.581 - Action: run as exe
6560: 21:45:37.581 - 
6560: 21:45:37.581 - ERROR: ***************************************************************
6560: 21:45:37.581 - ERROR: Only one copy of "LoadBalancing" can run at a time
6560: 21:45:37.581 - ERROR: ***************************************************************
6560: 21:45:37.581 - 
6560: 21:45:37.581 - MessageBox: Photon Socket Server: LoadBalancing - 4.0.28.2962

Only one copy of "LoadBalancing" can run at a time
6560: 21:45:38.670 - Service shutting down: instance already running. Errorcode: 100
6560: 21:45:38.671 - Service shut down complete
11164: 21:49:08.981 - ---
11164: 21:49:08.981 - Service: "Photon Socket Server" starting
11164: 21:49:08.981 - Config File: C:\Users\Torben\dev\SEE\Photon Server\Photon-OnPremise-Server-SDK_v4-0-29-11263\deploy\bin_Win64\PhotonServer.config
11164: 21:49:08.982 - Will produce at most: 10 crash dumps
11164: 21:49:08.982 - Action: run as exe
11164: 21:49:08.983 - 
11164: 21:49:08.983 - ERROR: ***************************************************************
11164: 21:49:08.983 - ERROR: Only one copy of "LoadBalancing" can run at a time
11164: 21:49:08.983 - ERROR: ***************************************************************
11164: 21:49:08.983 - 
11164: 21:49:08.983 - MessageBox: Photon Socket Server: LoadBalancing - 4.0.28.2962

Only one copy of "LoadBalancing" can run at a time
11164: 21:49:13.979 - Service shutting down: instance already running. Errorcode: 100
11164: 21:49:13.981 - Service shut down complete
10212: 21:49:28.864 - ---
10212: 21:49:28.864 - Service: "Photon Socket Server" starting
10212: 21:49:28.864 - Config File: C:\Users\Torben\dev\SEE\Photon Server\Photon-OnPremise-Server-SDK_v4-0-29-11263\deploy\bin_Win64\PhotonServer.config
10212: 21:49:28.865 - Will produce at most: 10 crash dumps
10212: 21:49:28.865 - Action: run as exe
10212: 21:49:28.866 - 
10212: 21:49:28.866 - ERROR: ***************************************************************
10212: 21:49:28.866 - ERROR: Only one copy of "LoadBalancing" can run at a time
10212: 21:49:28.866 - ERROR: ***************************************************************
10212: 21:49:28.866 - 
10212: 21:49:28.866 - MessageBox: Photon Socket Server: LoadBalancing - 4.0.28.2962

Only one copy of "LoadBalancing" can run at a time
10212: 21:49:33.604 - Service shutting down: instance already running. Errorcode: 100
10212: 21:49:33.607 - Service shut down complete
